<?xml version="1.0" encoding="UTF-8"?>
<!-- Generated by org.testng.reporters.JUnitReportReporter -->
<testsuite hostname="DEC1768" failures="0" tests="3" name="com.qa.testcases.CommunicationScreenPageTest" time="131.865" errors="0" timestamp="2023-02-13T12:05:37 IST" skipped="0">
  <testcase classname="com.qa.testcases.CommunicationScreenPageTest" name="loginTest" time="88.796"/>
  <system-out/>
  <testcase classname="com.qa.testcases.CommunicationScreenPageTest" name="cifTest" time="40.844"/>
  <system-out/>
  <testcase classname="com.qa.testcases.CommunicationScreenPageTest" name="addressTest" time="2.225"/>
  <system-out/>
</testsuite> <!-- com.qa.testcases.CommunicationScreenPageTest -->
