<?xml version="1.0" encoding="UTF-8"?>
<!-- Generated by org.testng.reporters.JUnitReportReporter -->
<testsuite hostname="DEC1768" failures="0" tests="1" name="com.qa.testcases.LandingPageTest" time="88.776" errors="0" timestamp="2023-02-10T17:38:55 IST" skipped="0">
  <testcase classname="com.qa.testcases.LandingPageTest" name="loginTest" time="88.776"/>
  <system-out/>
</testsuite> <!-- com.qa.testcases.LandingPageTest -->
