<?xml version="1.0" encoding="UTF-8"?>
<!-- Generated by org.testng.reporters.JUnitReportReporter -->
<testsuite hostname="DEC1768" failures="0" tests="2" name="com.qa.testcases.CifSelectionPageTest" time="130.341" errors="0" timestamp="2023-02-10T18:06:09 IST" skipped="0">
  <testcase classname="com.qa.testcases.CifSelectionPageTest" name="loginTest" time="89.035"/>
  <system-out/>
  <testcase classname="com.qa.testcases.CifSelectionPageTest" name="cifTest" time="41.306"/>
  <system-out/>
</testsuite> <!-- com.qa.testcases.CifSelectionPageTest -->
